#
# There is insufficient memory for the Java Runtime Environment to continue.
# Native memory allocation (mmap) failed to map 67108864 bytes for Failed to commit area from 0x00000000fc000000 to 0x0000000100000000 of length 67108864.
# Possible reasons:
#   The system is out of physical RAM or swap space
#   The process is running with CompressedOops enabled, and the Java Heap may be blocking the growth of the native heap
# Possible solutions:
#   Reduce memory load on the system
#   Increase physical memory or swap space
#   Check if swap backing store is full
#   Decrease Java heap size (-Xmx/-Xms)
#   Decrease number of Java threads
#   Decrease Java thread stack sizes (-Xss)
#   Set larger code cache with -XX:ReservedCodeCacheSize=
# This output file may be truncated or incomplete.
#
#  Out of Memory Error (./src/hotspot/os/windows/os_windows.cpp:3386), pid=15992, tid=15220
#
# JRE version:  (11.0.18+10) (build )
# Java VM: OpenJDK 64-Bit Server VM (11.0.18+10-LTS, mixed mode, sharing, tiered, compressed oops, g1 gc, windows-amd64)
# No core dump will be written. Minidumps are not enabled by default on client versions of Windows
#

---------------  S U M M A R Y ------------

Command Line: -Xmx64m -Xms64m -Dorg.gradle.appname=gradlew org.gradle.wrapper.GradleWrapperMain app:installDebug -PreactNativeDevServerPort=8081

Host: Intel(R) Core(TM) i5-8250U CPU @ 1.60GHz, 8 cores, 7G,  Windows 10 , 64 bit Build 18362 (10.0.18362.329)
Time: Tue Sep  5 00:46:33 2023 Pacific Daylight Time elapsed time: 0.027534 seconds (0d 0h 0m 0s)

---------------  T H R E A D  ---------------

Current thread (0x0000018a7edbc800):  JavaThread "Unknown thread" [_thread_in_vm, id=15220, stack(0x00000008af300000,0x00000008af400000)]

Stack: [0x00000008af300000,0x00000008af400000]
Native frames: (J=compiled Java code, j=interpreted, Vv=VM code, C=native code)
V  [jvm.dll+0x62bf8a]
V  [jvm.dll+0x7b8fb9]
V  [jvm.dll+0x7ba6a8]
V  [jvm.dll+0x7bad83]
V  [jvm.dll+0x250248]
V  [jvm.dll+0x62929a]
V  [jvm.dll+0x61d855]
V  [jvm.dll+0x30c32c]
V  [jvm.dll+0x30c1b2]
V  [jvm.dll+0x310ec6]
V  [jvm.dll+0x356f0f]
V  [jvm.dll+0x356940]
V  [jvm.dll+0x2e9348]
V  [jvm.dll+0x2ea4a6]
V  [jvm.dll+0x792e07]
V  [jvm.dll+0x79458f]
V  [jvm.dll+0x363c69]
V  [jvm.dll+0x775d70]
V  [jvm.dll+0x3d297f]
V  [jvm.dll+0x3d4d11]
C  [jli.dll+0x5207]
C  [ucrtbase.dll+0x20e72]
C  [KERNEL32.DLL+0x17bd4]
C  [ntdll.dll+0x6ced1]


---------------  P R O C E S S  ---------------

Threads class SMR info:
_java_thread_list=0x0000018a7cb05330, length=0, elements={
}

Java Threads: ( => current thread )

Other Threads:
  0x0000018a7edd3000 GCTaskThread "GC Thread#0" [stack: 0x00000008af400000,0x00000008af500000] [id=12864]
  0x0000018a7edde000 ConcurrentGCThread "G1 Main Marker" [stack: 0x00000008af500000,0x00000008af600000] [id=7348]
  0x0000018a7ede0800 ConcurrentGCThread "G1 Conc#0" [stack: 0x00000008af600000,0x00000008af700000] [id=10768]

[error occurred during error reporting (printing all threads), id 0xc0000005, EXCEPTION_ACCESS_VIOLATION (0xc0000005) at pc=0x00007ffebce78b17]

VM state:not at safepoint (not fully initialized)

VM Mutex/Monitor currently owned by a thread:  ([mutex/lock_event])
[0x0000018a7edba0c0] Heap_lock - owner thread: 0x0000018a7edbc800

Heap address: 0x00000000fc000000, size: 64 MB, Compressed Oops mode: Non-zero based: 0x00000000fc000000
Narrow klass base: 0x0000000000000000, Narrow klass shift: 0

GC Heap History (0 events):
No events

Deoptimization events (0 events):
No events

Classes redefined (0 events):
No events

Internal exceptions (0 events):
No events

Events (1 events):
Event: 0.015 Loaded shared library C:\Program Files\Microsoft\jdk-11.0.18.10-hotspot\bin\zip.dll


Dynamic libraries:
0x00007ff705c90000 - 0x00007ff705c9d000 	C:\Program Files\Microsoft\jdk-11.0.18.10-hotspot\bin\java.exe
0x00007fff16640000 - 0x00007fff16830000 	C:\Windows\SYSTEM32\ntdll.dll
0x00007fff146f0000 - 0x00007fff147a2000 	C:\Windows\System32\KERNEL32.DLL
0x00007fff140a0000 - 0x00007fff14343000 	C:\Windows\System32\KERNELBASE.dll
0x00007fff13fa0000 - 0x00007fff1409a000 	C:\Windows\System32\ucrtbase.dll
0x00007fff0bf30000 - 0x00007fff0bf47000 	C:\Program Files\Microsoft\jdk-11.0.18.10-hotspot\bin\jli.dll
0x00007ffeeeb80000 - 0x00007ffeeeb95000 	C:\Program Files\Microsoft\jdk-11.0.18.10-hotspot\bin\VCRUNTIME140.dll
0x00007fff15de0000 - 0x00007fff15f74000 	C:\Windows\System32\USER32.dll
0x00007fff03020000 - 0x00007fff032a5000 	C:\Windows\WinSxS\amd64_microsoft.windows.common-controls_6595b64144ccf1df_6.0.18362.476_none_e6c4b11b130f2595\COMCTL32.dll
0x00007fff13680000 - 0x00007fff136a1000 	C:\Windows\System32\win32u.dll
0x00007fff14f90000 - 0x00007fff1502e000 	C:\Windows\System32\msvcrt.dll
0x00007fff15fe0000 - 0x00007fff16316000 	C:\Windows\System32\combase.dll
0x00007fff14920000 - 0x00007fff14946000 	C:\Windows\System32\GDI32.dll
0x00007fff15130000 - 0x00007fff15250000 	C:\Windows\System32\RPCRT4.dll
0x00007fff14400000 - 0x00007fff14594000 	C:\Windows\System32\gdi32full.dll
0x00007fff13e30000 - 0x00007fff13ece000 	C:\Windows\System32\msvcp_win.dll
0x00007fff135d0000 - 0x00007fff13650000 	C:\Windows\System32\bcryptPrimitives.dll
0x00007fff15570000 - 0x00007fff1559e000 	C:\Windows\System32\IMM32.DLL
0x00007ffeeeae0000 - 0x00007ffeeeb7b000 	C:\Program Files\Microsoft\jdk-11.0.18.10-hotspot\bin\msvcp140.dll
0x00007ffebcb80000 - 0x00007ffebd712000 	C:\Program Files\Microsoft\jdk-11.0.18.10-hotspot\bin\server\jvm.dll
0x00007fff154c0000 - 0x00007fff15563000 	C:\Windows\System32\ADVAPI32.dll
0x00007fff147b0000 - 0x00007fff14847000 	C:\Windows\System32\sechost.dll
0x00007fff14b10000 - 0x00007fff14b18000 	C:\Windows\System32\PSAPI.DLL
0x00007ffef7200000 - 0x00007ffef7209000 	C:\Windows\SYSTEM32\WSOCK32.dll
0x00007fff15060000 - 0x00007fff150cf000 	C:\Windows\System32\WS2_32.dll
0x00007fff10380000 - 0x00007fff103a4000 	C:\Windows\SYSTEM32\WINMM.dll
0x00007fff0d5d0000 - 0x00007fff0d5da000 	C:\Windows\SYSTEM32\VERSION.dll
0x00007fff10350000 - 0x00007fff1037d000 	C:\Windows\SYSTEM32\WINMMBASE.dll
0x00007fff14350000 - 0x00007fff1439a000 	C:\Windows\System32\cfgmgr32.dll
0x00007fff13520000 - 0x00007fff13531000 	C:\Windows\System32\kernel.appcore.dll
0x00007fff02200000 - 0x00007fff02210000 	C:\Program Files\Microsoft\jdk-11.0.18.10-hotspot\bin\verify.dll
0x00007fff10d40000 - 0x00007fff10f34000 	C:\Windows\SYSTEM32\DBGHELP.DLL
0x00007fff0adf0000 - 0x00007fff0ae1a000 	C:\Windows\SYSTEM32\dbgcore.DLL
0x00007ffedba70000 - 0x00007ffedba98000 	C:\Program Files\Microsoft\jdk-11.0.18.10-hotspot\bin\java.dll
0x00007ffef5ab0000 - 0x00007ffef5aba000 	C:\Program Files\Microsoft\jdk-11.0.18.10-hotspot\bin\jimage.dll
0x00007ffeeeac0000 - 0x00007ffeeead8000 	C:\Program Files\Microsoft\jdk-11.0.18.10-hotspot\bin\zip.dll

dbghelp: loaded successfully - version: 4.0.5 - missing functions: none
symbol engine: initialized successfully - sym options: 0x614 - pdb path: .;C:\Program Files\Microsoft\jdk-11.0.18.10-hotspot\bin;C:\Windows\SYSTEM32;C:\Windows\WinSxS\amd64_microsoft.windows.common-controls_6595b64144ccf1df_6.0.18362.476_none_e6c4b11b130f2595;C:\Program Files\Microsoft\jdk-11.0.18.10-hotspot\bin\server

VM Arguments:
jvm_args: -Xmx64m -Xms64m -Dorg.gradle.appname=gradlew 
java_command: org.gradle.wrapper.GradleWrapperMain app:installDebug -PreactNativeDevServerPort=8081
java_class_path (initial): E:\project\AwesomeProject\android\\gradle\wrapper\gradle-wrapper.jar
Launcher Type: SUN_STANDARD

[Global flags]
     intx CICompilerCount                          = 4                                         {product} {ergonomic}
     uint ConcGCThreads                            = 2                                         {product} {ergonomic}
     uint G1ConcRefinementThreads                  = 8                                         {product} {ergonomic}
   size_t G1HeapRegionSize                         = 1048576                                   {product} {ergonomic}
    uintx GCDrainStackTargetSize                   = 64                                        {product} {ergonomic}
   size_t InitialHeapSize                          = 67108864                                  {product} {command line}
   size_t MarkStackSize                            = 4194304                                   {product} {ergonomic}
   size_t MaxHeapSize                              = 67108864                                  {product} {command line}
   size_t MinHeapDeltaBytes                        = 1048576                                   {product} {ergonomic}
    uintx NonNMethodCodeHeapSize                   = 5836300                                {pd product} {ergonomic}
    uintx NonProfiledCodeHeapSize                  = 122910970                              {pd product} {ergonomic}
    uintx ProfiledCodeHeapSize                     = 122910970                              {pd product} {ergonomic}
    uintx ReservedCodeCacheSize                    = 251658240                              {pd product} {ergonomic}
     bool SegmentedCodeCache                       = true                                      {product} {ergonomic}
     bool UseCompressedClassPointers               = true                                 {lp64_product} {ergonomic}
     bool UseCompressedOops                        = true                                 {lp64_product} {ergonomic}
     bool UseG1GC                                  = true                                      {product} {ergonomic}
     bool UseLargePagesIndividualAllocation        = false                                  {pd product} {ergonomic}

Logging:
Log output configuration:
 #0: stdout all=warning uptime,level,tags
 #1: stderr all=off uptime,level,tags

Environment Variables:
JAVA_HOME=C:\Program Files\Microsoft\jdk-11.0.18.10-hotspot\
CLASSPATH=E:\project\AwesomeProject\android\\gradle\wrapper\gradle-wrapper.jar
PATH=E:\project\AwesomeProject\node_modules\.bin;E:\project\AwesomeProject\node_modules\.bin;E:\project\node_modules\.bin;E:\node_modules\.bin;C:\Users\ip\AppData\Roaming\npm\node_modules\npm\node_modules\@npmcli\run-script\lib\node-gyp-bin;E:\project\AwesomeProject\node_modules\.bin;E:\project\node_modules\.bin;E:\node_modules\.bin;C:\Users\ip\AppData\Roaming\npm\node_modules\npm\node_modules\@npmcli\run-script\lib\node-gyp-bin;C:\Program Files\Microsoft\jdk-11.0.18.10-hotspot\bin;C:\Python311\Scripts\;C:\Python311\;C:\Windows\system32;C:\Windows;C:\Windows\System32\Wbem;C:\Windows\System32\WindowsPowerShell\v1.0\;C:\Windows\System32\OpenSSH\;C:\Program Files\nodejs\;C:\ProgramData\chocolatey\bin;%LOCALAPPDATA%\Android\Sdk\platform-tools;C:\Program Files\Intel\WiFi\bin\;C:\Program Files\Common Files\Intel\WirelessCommon\;C:\Users\ip\AppData\Local\Android\Sdk\platform-tools;C:\Users\ip\AppData\Local\Android\Sdk\tools;C:\Users\ip\AppData\Local\Microsoft\WindowsApps;;E:\Microsoft VS Code\bin;C:\Users\ip\AppData\Roaming\npm
USERNAME=ip
LANG=en_US.UTF-8
OS=Windows_NT
PROCESSOR_IDENTIFIER=Intel64 Family 6 Model 142 Stepping 10, GenuineIntel
TMP=C:\Users\ip\AppData\Local\Temp
TEMP=C:\Users\ip\AppData\Local\Temp



---------------  S Y S T E M  ---------------

OS: Windows 10 , 64 bit Build 18362 (10.0.18362.329)
OS uptime: 4 days 18:31 hours

CPU:total 8 (initial active 8) (4 cores per cpu, 2 threads per core) family 6 model 142 stepping 10 microcode 0xf0, cmov, cx8, fxsr, mmx, sse, sse2, sse3, ssse3, sse4.1, sse4.2, popcnt, avx, avx2, aes, clmul, erms, 3dnowpref, lzcnt, ht, tsc, tscinvbit, bmi1, bmi2, adx, fma

Memory: 4k page, system-wide physical 7810M (359M free)
TotalPageFile size 15237M (AvailPageFile size 92M)
current process WorkingSet (physical memory assigned to process): 9M, peak: 9M
current process commit charge ("private bytes"): 59M, peak: 123M

vm_info: OpenJDK 64-Bit Server VM (11.0.18+10-LTS) for windows-amd64 JRE (11.0.18+10-LTS), built on Jan 18 2023 15:56:47 by "MicrosoftCorporation" with MS VC++ 15.9 (VS2017)

END.
